0 info it worked if it ends with ok
1 verbose cli [ '/usr/local/bin/node', '/usr/local/bin/npm', 'run', 'tsc' ]
2 info using npm@3.8.6
3 info using node@v6.0.0
4 verbose run-script [ 'pretsc', 'tsc', 'posttsc' ]
5 info lifecycle rails-ng2@0.0.1~pretsc: rails-ng2@0.0.1
6 silly lifecycle rails-ng2@0.0.1~pretsc: no script for pretsc, continuing
7 info lifecycle rails-ng2@0.0.1~tsc: rails-ng2@0.0.1
8 verbose lifecycle rails-ng2@0.0.1~tsc: unsafe-perm in lifecycle true
9 verbose lifecycle rails-ng2@0.0.1~tsc: PATH: /usr/local/lib/node_modules/npm/bin/node-gyp-bin:/home/attribes/workspace/sampleapp/public/node_modules/.bin:/usr/local/bin:/home/attribes/.rvm/gems/ruby-2.1.5@sampleapp/bin:/home/attribes/.rvm/gems/ruby-2.1.5@global/bin:/home/attribes/.rvm/rubies/ruby-2.1.5/bin:/home/attribes/.rvm/bin:/home/attribes/bin:/usr/local/heroku/bin:/home/attribes/bin:/usr/local/sbin:/usr/local/bin:/usr/sbin:/usr/bin:/sbin:/bin:/usr/games:/usr/local/games
10 verbose lifecycle rails-ng2@0.0.1~tsc: CWD: /home/attribes/workspace/sampleapp/public
11 silly lifecycle rails-ng2@0.0.1~tsc: Args: [ '-c', 'tsc' ]
12 silly lifecycle rails-ng2@0.0.1~tsc: Returned: code: 2  signal: null
13 info lifecycle rails-ng2@0.0.1~tsc: Failed to exec tsc script
14 verbose stack Error: rails-ng2@0.0.1 tsc: `tsc`
14 verbose stack Exit status 2
14 verbose stack     at EventEmitter.<anonymous> (/usr/local/lib/node_modules/npm/lib/utils/lifecycle.js:239:16)
14 verbose stack     at emitTwo (events.js:106:13)
14 verbose stack     at EventEmitter.emit (events.js:191:7)
14 verbose stack     at ChildProcess.<anonymous> (/usr/local/lib/node_modules/npm/lib/utils/spawn.js:24:14)
14 verbose stack     at emitTwo (events.js:106:13)
14 verbose stack     at ChildProcess.emit (events.js:191:7)
14 verbose stack     at maybeClose (internal/child_process.js:850:16)
14 verbose stack     at Process.ChildProcess._handle.onexit (internal/child_process.js:215:5)
15 verbose pkgid rails-ng2@0.0.1
16 verbose cwd /home/attribes/workspace/sampleapp/public
17 error Linux 3.19.0-84-generic
18 error argv "/usr/local/bin/node" "/usr/local/bin/npm" "run" "tsc"
19 error node v6.0.0
20 error npm  v3.8.6
21 error code ELIFECYCLE
22 error rails-ng2@0.0.1 tsc: `tsc`
22 error Exit status 2
23 error Failed at the rails-ng2@0.0.1 tsc script 'tsc'.
23 error Make sure you have the latest version of node.js and npm installed.
23 error If you do, this is most likely a problem with the rails-ng2 package,
23 error not with npm itself.
23 error Tell the author that this fails on your system:
23 error     tsc
23 error You can get information on how to open an issue for this project with:
23 error     npm bugs rails-ng2
23 error Or if that isn't available, you can get their info via:
23 error     npm owner ls rails-ng2
23 error There is likely additional logging output above.
24 verbose exit [ 1, true ]
